<?xml version="1.0" encoding="UTF-8"?>
<!-- Generated by org.testng.reporters.JUnitXMLReporter -->
<testsuite hostname="asd1578po02037" name="Default test" tests="8" failures="0" timestamp="30 Jun 2016 14:32:35 GMT" time="37.507" errors="0">
  <testcase name="Test01_Verify_User_Is_Able_To_Login_Into_Github" time="2.384" classname="com.qait.automation.github.NewTest"/>
  <testcase name="Test02_Verify_User_Is_Able_to_Create_New_Repositoy" time="1.415" classname="com.qait.automation.github.NewTest"/>
  <testcase name="Test03_Verify_User_Has_Created_Repository" time="2.82" classname="com.qait.automation.github.NewTest"/>
  <testcase name="Test04_User_Recieved_Url_Of_Repository" time="0.019" classname="com.qait.automation.github.NewTest"/>
  <testcase name="Test05_Cloning_Is_Done_On_Local_Repository" time="7.387" classname="com.qait.automation.github.NewTest"/>
  <testcase name="Test06_Verify_File_Has_Been_Pushed" time="6.27" classname="com.qait.automation.github.NewTest"/>
  <testcase name="Test07_Readme_Created_And_pulled" time="4.226" classname="com.qait.automation.github.NewTest"/>
  <testcase name="Test08_Verify_Readme_pulled" time="3.648" classname="com.qait.automation.github.NewTest"/>
</testsuite> <!-- Default test -->
